<?xml version="1.0" encoding="UTF-8"?>
<testng-results ignored="0" total="1" passed="1" failed="0" skipped="0">
  <reporter-output>
  </reporter-output>
  <suite started-at="2019-05-06T10:25:57Z" name="Suite" finished-at="2019-05-06T10:26:27Z" duration-ms="29766">
    <groups>
    </groups>
    <test started-at="2019-05-06T10:25:57Z" name="Test" finished-at="2019-05-06T10:26:27Z" duration-ms="29766">
      <class name="selenium.selenium_maven.testNGBWTest">
        <test-method signature="testNGBrowserTest()[pri:0, instance:selenium.selenium_maven.testNGBWTest@3d74bf60]" started-at="2019-05-06T10:25:57Z" name="testNGBrowserTest" finished-at="2019-05-06T10:26:27Z" duration-ms="29682" status="PASS">
          <reporter-output>
          </reporter-output>
        </test-method> <!-- testNGBrowserTest -->
      </class> <!-- selenium.selenium_maven.testNGBWTest -->
    </test> <!-- Test -->
  </suite> <!-- Suite -->
</testng-results>
